{
"C:\\mg\\dev\\tpmongo\\lib\\tpmongo.js":{"path":"C:\\mg\\dev\\tpmongo\\lib\\tpmongo.js","s":{"1":1,"2":1,"3":1,"4":1,"5":1,"6":2,"7":2,"8":2,"9":2,"10":2,"11":2,"12":1,"13":2,"14":2,"15":2,"16":2,"17":2,"18":2,"19":1,"20":0,"21":0,"22":1,"23":3,"24":3,"25":0,"26":0,"27":1,"28":0,"29":1,"30":0,"31":0,"32":0,"33":1,"34":3,"35":3,"36":3,"37":3,"38":3,"39":3,"40":3,"41":1,"42":0,"43":0,"44":0,"45":0,"46":0,"47":0,"48":0,"49":0,"50":0,"51":1,"52":0,"53":0,"54":0,"55":0,"56":0,"57":0,"58":0,"59":0,"60":0,"61":0,"62":0,"63":0,"64":0,"65":0,"66":0,"67":0,"68":0,"69":0,"70":0,"71":0,"72":0,"73":0,"74":0,"75":0,"76":0,"77":0,"78":0,"79":0,"80":0,"81":0,"82":0,"83":0,"84":0,"85":0,"86":0,"87":0,"88":0,"89":0,"90":0,"91":0,"92":0,"93":0,"94":0,"95":0,"96":0,"97":0,"98":0,"99":0,"100":0,"101":0,"102":1,"103":0,"104":0,"105":0,"106":0,"107":0,"108":0,"109":0,"110":0,"111":0,"112":0,"113":0,"114":0,"115":0,"116":0,"117":0,"118":0,"119":0,"120":0,"121":0,"122":0,"123":0,"124":0,"125":0,"126":0,"127":0,"128":0,"129":0,"130":0,"131":0,"132":0,"133":0,"134":0,"135":1,"136":0,"137":0,"138":0,"139":1,"140":0,"141":0,"142":1,"143":0,"144":0,"145":1,"146":0,"147":0,"148":0,"149":0,"150":1,"151":0,"152":0,"153":0,"154":0,"155":0,"156":1,"157":0,"158":0,"159":0,"160":0,"161":0,"162":0,"163":0,"164":0,"165":0,"166":0,"167":0,"168":1,"169":0,"170":0,"171":1,"172":0,"173":0,"174":1,"175":3,"176":1,"177":1,"178":0,"179":1,"180":0,"181":1,"182":0,"183":0,"184":0,"185":0,"186":1,"187":2,"188":2,"189":2,"190":2,"191":2,"192":2,"193":2,"194":2,"195":2,"196":2,"197":2,"198":2,"199":2,"200":2,"201":2,"202":1,"203":0,"204":1,"205":0,"206":1,"207":0,"208":1,"209":0,"210":1,"211":0,"212":1,"213":0,"214":1,"215":0,"216":1,"217":0,"218":1,"219":0,"220":1,"221":0,"222":1,"223":0,"224":1,"225":0,"226":1},"b":{"1":[2,2],"2":[2,2],"3":[2,2],"4":[2,2],"5":[2,2],"6":[0,0],"7":[0,0],"8":[0,0],"9":[0,0],"10":[0,0],"11":[0,0],"12":[0,0],"13":[0,0],"14":[0,0],"15":[0,0],"16":[0,0],"17":[0,0],"18":[0,0],"19":[0,0],"20":[0,0],"21":[0,0],"22":[0,0],"23":[0,0]},"f":{"1":2,"2":2,"3":2,"4":0,"5":3,"6":0,"7":0,"8":0,"9":0,"10":3,"11":0,"12":0,"13":0,"14":0,"15":0,"16":0,"17":0,"18":0,"19":0,"20":0,"21":0,"22":0,"23":0,"24":0,"25":0,"26":0,"27":0,"28":0,"29":0,"30":0,"31":0,"32":0,"33":0,"34":0,"35":0,"36":0,"37":0,"38":0,"39":0,"40":0,"41":0,"42":0,"43":0,"44":0,"45":0,"46":0,"47":0,"48":0,"49":0,"50":0,"51":3,"52":0,"53":0,"54":0,"55":0,"56":0,"57":2,"58":0,"59":0,"60":0,"61":0,"62":0,"63":0,"64":0,"65":0,"66":0,"67":0,"68":0,"69":0},"fnMap":{"1":{"name":"(anonymous_1)","line":18,"loc":{"start":{"line":18,"column":14},"end":{"line":18,"column":70}}},"2":{"name":"(anonymous_2)","line":22,"loc":{"start":{"line":22,"column":24},"end":{"line":22,"column":49}}},"3":{"name":"(anonymous_3)","line":31,"loc":{"start":{"line":31,"column":25},"end":{"line":31,"column":69}}},"4":{"name":"(anonymous_4)","line":42,"loc":{"start":{"line":42,"column":19},"end":{"line":42,"column":53}}},"5":{"name":"(anonymous_5)","line":54,"loc":{"start":{"line":54,"column":41},"end":{"line":54,"column":64}}},"6":{"name":"(anonymous_6)","line":57,"loc":{"start":{"line":57,"column":10},"end":{"line":57,"column":21}}},"7":{"name":"(anonymous_7)","line":59,"loc":{"start":{"line":59,"column":7},"end":{"line":59,"column":21}}},"8":{"name":"(anonymous_8)","line":65,"loc":{"start":{"line":65,"column":41},"end":{"line":65,"column":77}}},"9":{"name":"(anonymous_9)","line":71,"loc":{"start":{"line":71,"column":36},"end":{"line":71,"column":50}}},"10":{"name":"(anonymous_10)","line":80,"loc":{"start":{"line":80,"column":38},"end":{"line":80,"column":61}}},"11":{"name":"(anonymous_11)","line":91,"loc":{"start":{"line":91,"column":43},"end":{"line":91,"column":96}}},"12":{"name":"(anonymous_12)","line":105,"loc":{"start":{"line":105,"column":38},"end":{"line":105,"column":111}}},"13":{"name":"(anonymous_13)","line":122,"loc":{"start":{"line":122,"column":10},"end":{"line":122,"column":21}}},"14":{"name":"(anonymous_14)","line":130,"loc":{"start":{"line":130,"column":10},"end":{"line":130,"column":33}}},"15":{"name":"(anonymous_15)","line":135,"loc":{"start":{"line":135,"column":10},"end":{"line":135,"column":36}}},"16":{"name":"(anonymous_16)","line":146,"loc":{"start":{"line":146,"column":18},"end":{"line":146,"column":29}}},"17":{"name":"(anonymous_17)","line":156,"loc":{"start":{"line":156,"column":26},"end":{"line":156,"column":37}}},"18":{"name":"(anonymous_18)","line":161,"loc":{"start":{"line":161,"column":15},"end":{"line":161,"column":29}}},"19":{"name":"(anonymous_19)","line":175,"loc":{"start":{"line":175,"column":18},"end":{"line":175,"column":29}}},"20":{"name":"(anonymous_20)","line":184,"loc":{"start":{"line":184,"column":15},"end":{"line":184,"column":29}}},"21":{"name":"(anonymous_21)","line":187,"loc":{"start":{"line":187,"column":22},"end":{"line":187,"column":33}}},"22":{"name":"(anonymous_22)","line":190,"loc":{"start":{"line":190,"column":19},"end":{"line":190,"column":33}}},"23":{"name":"(anonymous_23)","line":195,"loc":{"start":{"line":195,"column":18},"end":{"line":195,"column":29}}},"24":{"name":"(anonymous_24)","line":212,"loc":{"start":{"line":212,"column":22},"end":{"line":212,"column":45}}},"25":{"name":"(anonymous_25)","line":215,"loc":{"start":{"line":215,"column":19},"end":{"line":215,"column":33}}},"26":{"name":"(anonymous_26)","line":219,"loc":{"start":{"line":219,"column":15},"end":{"line":219,"column":29}}},"27":{"name":"(anonymous_27)","line":226,"loc":{"start":{"line":226,"column":10},"end":{"line":226,"column":24}}},"28":{"name":"(anonymous_28)","line":231,"loc":{"start":{"line":231,"column":45},"end":{"line":231,"column":94}}},"29":{"name":"(anonymous_29)","line":238,"loc":{"start":{"line":238,"column":10},"end":{"line":238,"column":27}}},"30":{"name":"(anonymous_30)","line":246,"loc":{"start":{"line":246,"column":18},"end":{"line":246,"column":29}}},"31":{"name":"(anonymous_31)","line":251,"loc":{"start":{"line":251,"column":15},"end":{"line":251,"column":29}}},"32":{"name":"(anonymous_32)","line":255,"loc":{"start":{"line":255,"column":18},"end":{"line":255,"column":29}}},"33":{"name":"(anonymous_33)","line":260,"loc":{"start":{"line":260,"column":22},"end":{"line":260,"column":33}}},"34":{"name":"(anonymous_34)","line":262,"loc":{"start":{"line":262,"column":19},"end":{"line":262,"column":33}}},"35":{"name":"(anonymous_35)","line":267,"loc":{"start":{"line":267,"column":15},"end":{"line":267,"column":29}}},"36":{"name":"(anonymous_36)","line":280,"loc":{"start":{"line":280,"column":22},"end":{"line":280,"column":33}}},"37":{"name":"(anonymous_37)","line":290,"loc":{"start":{"line":290,"column":10},"end":{"line":290,"column":24}}},"38":{"name":"(anonymous_38)","line":296,"loc":{"start":{"line":296,"column":38},"end":{"line":296,"column":63}}},"39":{"name":"(anonymous_39)","line":302,"loc":{"start":{"line":302,"column":36},"end":{"line":302,"column":64}}},"40":{"name":"(anonymous_40)","line":307,"loc":{"start":{"line":307,"column":39},"end":{"line":307,"column":67}}},"41":{"name":"(anonymous_41)","line":312,"loc":{"start":{"line":312,"column":42},"end":{"line":312,"column":76}}},"42":{"name":"(anonymous_42)","line":321,"loc":{"start":{"line":321,"column":54},"end":{"line":321,"column":70}}},"43":{"name":"(anonymous_43)","line":325,"loc":{"start":{"line":325,"column":10},"end":{"line":325,"column":29}}},"44":{"name":"(anonymous_44)","line":328,"loc":{"start":{"line":328,"column":10},"end":{"line":328,"column":24}}},"45":{"name":"(anonymous_45)","line":334,"loc":{"start":{"line":334,"column":45},"end":{"line":334,"column":70}}},"46":{"name":"(anonymous_46)","line":342,"loc":{"start":{"line":342,"column":14},"end":{"line":342,"column":34}}},"47":{"name":"(anonymous_47)","line":346,"loc":{"start":{"line":346,"column":22},"end":{"line":346,"column":33}}},"48":{"name":"(anonymous_48)","line":353,"loc":{"start":{"line":353,"column":14},"end":{"line":353,"column":28}}},"49":{"name":"(anonymous_49)","line":362,"loc":{"start":{"line":362,"column":51},"end":{"line":362,"column":85}}},"50":{"name":"(anonymous_50)","line":367,"loc":{"start":{"line":367,"column":49},"end":{"line":367,"column":88}}},"51":{"name":"(anonymous_51)","line":372,"loc":{"start":{"line":372,"column":46},"end":{"line":372,"column":57}}},"52":{"name":"(anonymous_52)","line":376,"loc":{"start":{"line":376,"column":36},"end":{"line":376,"column":54}}},"53":{"name":"(anonymous_53)","line":380,"loc":{"start":{"line":380,"column":35},"end":{"line":380,"column":53}}},"54":{"name":"(anonymous_54)","line":384,"loc":{"start":{"line":384,"column":49},"end":{"line":384,"column":73}}},"55":{"name":"(anonymous_55)","line":391,"loc":{"start":{"line":391,"column":44},"end":{"line":391,"column":62}}},"56":{"name":"(anonymous_56)","line":392,"loc":{"start":{"line":392,"column":20},"end":{"line":392,"column":40}}},"57":{"name":"(anonymous_57)","line":404,"loc":{"start":{"line":404,"column":42},"end":{"line":404,"column":53}}},"58":{"name":"(anonymous_58)","line":434,"loc":{"start":{"line":434,"column":41},"end":{"line":434,"column":52}}},"59":{"name":"(anonymous_59)","line":435,"loc":{"start":{"line":435,"column":43},"end":{"line":435,"column":54}}},"60":{"name":"(anonymous_60)","line":436,"loc":{"start":{"line":436,"column":36},"end":{"line":436,"column":47}}},"61":{"name":"(anonymous_61)","line":437,"loc":{"start":{"line":437,"column":41},"end":{"line":437,"column":52}}},"62":{"name":"(anonymous_62)","line":438,"loc":{"start":{"line":438,"column":43},"end":{"line":438,"column":54}}},"63":{"name":"(anonymous_63)","line":439,"loc":{"start":{"line":439,"column":43},"end":{"line":439,"column":54}}},"64":{"name":"(anonymous_64)","line":440,"loc":{"start":{"line":440,"column":42},"end":{"line":440,"column":53}}},"65":{"name":"(anonymous_65)","line":441,"loc":{"start":{"line":441,"column":40},"end":{"line":441,"column":51}}},"66":{"name":"(anonymous_66)","line":442,"loc":{"start":{"line":442,"column":39},"end":{"line":442,"column":50}}},"67":{"name":"(anonymous_67)","line":443,"loc":{"start":{"line":443,"column":42},"end":{"line":443,"column":53}}},"68":{"name":"(anonymous_68)","line":444,"loc":{"start":{"line":444,"column":37},"end":{"line":444,"column":48}}},"69":{"name":"(anonymous_69)","line":445,"loc":{"start":{"line":445,"column":40},"end":{"line":445,"column":51}}}},"statementMap":{"1":{"start":{"line":9,"column":0},"end":{"line":9,"column":27}},"2":{"start":{"line":10,"column":0},"end":{"line":10,"column":21}},"3":{"start":{"line":11,"column":0},"end":{"line":11,"column":33}},"4":{"start":{"line":12,"column":0},"end":{"line":12,"column":39}},"5":{"start":{"line":18,"column":0},"end":{"line":29,"column":2}},"6":{"start":{"line":19,"column":4},"end":{"line":19,"column":47}},"7":{"start":{"line":22,"column":4},"end":{"line":26,"column":7}},"8":{"start":{"line":23,"column":8},"end":{"line":23,"column":34}},"9":{"start":{"line":24,"column":8},"end":{"line":24,"column":88}},"10":{"start":{"line":25,"column":8},"end":{"line":25,"column":40}},"11":{"start":{"line":28,"column":4},"end":{"line":28,"column":14}},"12":{"start":{"line":31,"column":0},"end":{"line":40,"column":2}},"13":{"start":{"line":32,"column":4},"end":{"line":32,"column":38}},"14":{"start":{"line":35,"column":4},"end":{"line":35,"column":41}},"15":{"start":{"line":36,"column":4},"end":{"line":36,"column":66}},"16":{"start":{"line":37,"column":4},"end":{"line":37,"column":74}},"17":{"start":{"line":38,"column":4},"end":{"line":38,"column":61}},"18":{"start":{"line":39,"column":4},"end":{"line":39,"column":88}},"19":{"start":{"line":42,"column":0},"end":{"line":49,"column":2}},"20":{"start":{"line":43,"column":4},"end":{"line":43,"column":48}},"21":{"start":{"line":44,"column":4},"end":{"line":48,"column":6}},"22":{"start":{"line":54,"column":0},"end":{"line":63,"column":2}},"23":{"start":{"line":55,"column":4},"end":{"line":55,"column":20}},"24":{"start":{"line":56,"column":4},"end":{"line":62,"column":7}},"25":{"start":{"line":58,"column":8},"end":{"line":58,"column":20}},"26":{"start":{"line":60,"column":8},"end":{"line":61,"column":70}},"27":{"start":{"line":65,"column":0},"end":{"line":67,"column":2}},"28":{"start":{"line":66,"column":4},"end":{"line":66,"column":61}},"29":{"start":{"line":71,"column":0},"end":{"line":78,"column":2}},"30":{"start":{"line":72,"column":4},"end":{"line":77,"column":5}},"31":{"start":{"line":73,"column":8},"end":{"line":73,"column":32}},"32":{"start":{"line":76,"column":8},"end":{"line":76,"column":32}},"33":{"start":{"line":80,"column":0},"end":{"line":89,"column":2}},"34":{"start":{"line":81,"column":4},"end":{"line":81,"column":40}},"35":{"start":{"line":83,"column":4},"end":{"line":83,"column":25}},"36":{"start":{"line":84,"column":4},"end":{"line":84,"column":33}},"37":{"start":{"line":85,"column":4},"end":{"line":85,"column":21}},"38":{"start":{"line":86,"column":4},"end":{"line":86,"column":43}},"39":{"start":{"line":87,"column":4},"end":{"line":87,"column":40}},"40":{"start":{"line":88,"column":4},"end":{"line":88,"column":40}},"41":{"start":{"line":91,"column":0},"end":{"line":103,"column":2}},"42":{"start":{"line":92,"column":4},"end":{"line":92,"column":20}},"43":{"start":{"line":93,"column":4},"end":{"line":93,"column":31}},"44":{"start":{"line":94,"column":4},"end":{"line":94,"column":35}},"45":{"start":{"line":96,"column":4},"end":{"line":96,"column":32}},"46":{"start":{"line":97,"column":4},"end":{"line":97,"column":26}},"47":{"start":{"line":99,"column":4},"end":{"line":99,"column":24}},"48":{"start":{"line":100,"column":4},"end":{"line":100,"column":35}},"49":{"start":{"line":101,"column":4},"end":{"line":101,"column":47}},"50":{"start":{"line":102,"column":4},"end":{"line":102,"column":61}},"51":{"start":{"line":105,"column":0},"end":{"line":229,"column":2}},"52":{"start":{"line":106,"column":4},"end":{"line":106,"column":20}},"53":{"start":{"line":107,"column":4},"end":{"line":107,"column":44}},"54":{"start":{"line":108,"column":4},"end":{"line":108,"column":38}},"55":{"start":{"line":110,"column":4},"end":{"line":110,"column":56}},"56":{"start":{"line":111,"column":4},"end":{"line":111,"column":33}},"57":{"start":{"line":113,"column":4},"end":{"line":113,"column":61}},"58":{"start":{"line":114,"column":4},"end":{"line":114,"column":94}},"59":{"start":{"line":115,"column":4},"end":{"line":115,"column":102}},"60":{"start":{"line":116,"column":4},"end":{"line":116,"column":84}},"61":{"start":{"line":117,"column":4},"end":{"line":117,"column":32}},"62":{"start":{"line":119,"column":4},"end":{"line":119,"column":34}},"63":{"start":{"line":121,"column":4},"end":{"line":228,"column":7}},"64":{"start":{"line":123,"column":8},"end":{"line":128,"column":35}},"65":{"start":{"line":131,"column":8},"end":{"line":131,"column":45}},"66":{"start":{"line":133,"column":8},"end":{"line":133,"column":59}},"67":{"start":{"line":140,"column":8},"end":{"line":140,"column":54}},"68":{"start":{"line":141,"column":8},"end":{"line":141,"column":71}},"69":{"start":{"line":142,"column":8},"end":{"line":142,"column":65}},"70":{"start":{"line":143,"column":8},"end":{"line":223,"column":9}},"71":{"start":{"line":145,"column":12},"end":{"line":164,"column":15}},"72":{"start":{"line":147,"column":16},"end":{"line":160,"column":17}},"73":{"start":{"line":148,"column":20},"end":{"line":149,"column":71}},"74":{"start":{"line":151,"column":20},"end":{"line":151,"column":63}},"75":{"start":{"line":153,"column":20},"end":{"line":153,"column":101}},"76":{"start":{"line":155,"column":20},"end":{"line":159,"column":23}},"77":{"start":{"line":158,"column":24},"end":{"line":158,"column":118}},"78":{"start":{"line":162,"column":16},"end":{"line":163,"column":126}},"79":{"start":{"line":166,"column":12},"end":{"line":166,"column":42}},"80":{"start":{"line":169,"column":12},"end":{"line":169,"column":41}},"81":{"start":{"line":170,"column":12},"end":{"line":172,"column":13}},"82":{"start":{"line":171,"column":16},"end":{"line":171,"column":124}},"83":{"start":{"line":174,"column":12},"end":{"line":222,"column":15}},"84":{"start":{"line":176,"column":16},"end":{"line":176,"column":46}},"85":{"start":{"line":178,"column":16},"end":{"line":178,"column":63}},"86":{"start":{"line":179,"column":16},"end":{"line":179,"column":76}},"87":{"start":{"line":180,"column":16},"end":{"line":180,"column":65}},"88":{"start":{"line":181,"column":16},"end":{"line":181,"column":74}},"89":{"start":{"line":183,"column":16},"end":{"line":183,"column":109}},"90":{"start":{"line":186,"column":16},"end":{"line":193,"column":19}},"91":{"start":{"line":188,"column":20},"end":{"line":189,"column":57}},"92":{"start":{"line":191,"column":20},"end":{"line":192,"column":98}},"93":{"start":{"line":196,"column":16},"end":{"line":196,"column":46}},"94":{"start":{"line":198,"column":16},"end":{"line":198,"column":110}},"95":{"start":{"line":199,"column":16},"end":{"line":210,"column":38}},"96":{"start":{"line":211,"column":16},"end":{"line":218,"column":19}},"97":{"start":{"line":213,"column":20},"end":{"line":213,"column":70}},"98":{"start":{"line":214,"column":20},"end":{"line":214,"column":47}},"99":{"start":{"line":216,"column":20},"end":{"line":217,"column":76}},"100":{"start":{"line":220,"column":16},"end":{"line":221,"column":74}},"101":{"start":{"line":227,"column":8},"end":{"line":227,"column":29}},"102":{"start":{"line":231,"column":0},"end":{"line":294,"column":2}},"103":{"start":{"line":232,"column":4},"end":{"line":232,"column":20}},"104":{"start":{"line":233,"column":4},"end":{"line":233,"column":44}},"105":{"start":{"line":234,"column":4},"end":{"line":234,"column":38}},"106":{"start":{"line":235,"column":4},"end":{"line":235,"column":58}},"107":{"start":{"line":236,"column":4},"end":{"line":236,"column":27}},"108":{"start":{"line":237,"column":4},"end":{"line":293,"column":7}},"109":{"start":{"line":239,"column":8},"end":{"line":288,"column":9}},"110":{"start":{"line":240,"column":12},"end":{"line":240,"column":38}},"111":{"start":{"line":241,"column":12},"end":{"line":241,"column":39}},"112":{"start":{"line":242,"column":12},"end":{"line":242,"column":43}},"113":{"start":{"line":243,"column":12},"end":{"line":243,"column":32}},"114":{"start":{"line":244,"column":12},"end":{"line":244,"column":43}},"115":{"start":{"line":245,"column":12},"end":{"line":270,"column":15}},"116":{"start":{"line":247,"column":16},"end":{"line":247,"column":63}},"117":{"start":{"line":248,"column":16},"end":{"line":248,"column":65}},"118":{"start":{"line":249,"column":16},"end":{"line":249,"column":53}},"119":{"start":{"line":250,"column":16},"end":{"line":250,"column":63}},"120":{"start":{"line":252,"column":16},"end":{"line":253,"column":72}},"121":{"start":{"line":257,"column":16},"end":{"line":257,"column":52}},"122":{"start":{"line":258,"column":16},"end":{"line":258,"column":103}},"123":{"start":{"line":259,"column":16},"end":{"line":265,"column":19}},"124":{"start":{"line":261,"column":20},"end":{"line":261,"column":47}},"125":{"start":{"line":263,"column":20},"end":{"line":264,"column":76}},"126":{"start":{"line":268,"column":16},"end":{"line":269,"column":80}},"127":{"start":{"line":272,"column":13},"end":{"line":288,"column":9}},"128":{"start":{"line":273,"column":12},"end":{"line":273,"column":22}},"129":{"start":{"line":274,"column":12},"end":{"line":283,"column":13}},"130":{"start":{"line":275,"column":16},"end":{"line":276,"column":95}},"131":{"start":{"line":279,"column":16},"end":{"line":282,"column":19}},"132":{"start":{"line":281,"column":20},"end":{"line":281,"column":86}},"133":{"start":{"line":286,"column":12},"end":{"line":287,"column":55}},"134":{"start":{"line":291,"column":8},"end":{"line":292,"column":75}},"135":{"start":{"line":296,"column":0},"end":{"line":300,"column":2}},"136":{"start":{"line":297,"column":4},"end":{"line":297,"column":59}},"137":{"start":{"line":298,"column":4},"end":{"line":298,"column":77}},"138":{"start":{"line":299,"column":4},"end":{"line":299,"column":120}},"139":{"start":{"line":302,"column":0},"end":{"line":305,"column":2}},"140":{"start":{"line":303,"column":4},"end":{"line":303,"column":59}},"141":{"start":{"line":304,"column":4},"end":{"line":304,"column":47}},"142":{"start":{"line":307,"column":0},"end":{"line":310,"column":2}},"143":{"start":{"line":308,"column":4},"end":{"line":308,"column":59}},"144":{"start":{"line":309,"column":4},"end":{"line":309,"column":62}},"145":{"start":{"line":312,"column":0},"end":{"line":317,"column":2}},"146":{"start":{"line":313,"column":4},"end":{"line":313,"column":48}},"147":{"start":{"line":314,"column":4},"end":{"line":314,"column":45}},"148":{"start":{"line":315,"column":4},"end":{"line":315,"column":42}},"149":{"start":{"line":316,"column":4},"end":{"line":316,"column":59}},"150":{"start":{"line":321,"column":0},"end":{"line":332,"column":2}},"151":{"start":{"line":322,"column":4},"end":{"line":322,"column":20}},"152":{"start":{"line":323,"column":4},"end":{"line":323,"column":58}},"153":{"start":{"line":324,"column":4},"end":{"line":331,"column":7}},"154":{"start":{"line":326,"column":8},"end":{"line":326,"column":24}},"155":{"start":{"line":329,"column":8},"end":{"line":330,"column":67}},"156":{"start":{"line":334,"column":0},"end":{"line":357,"column":2}},"157":{"start":{"line":335,"column":4},"end":{"line":335,"column":20}},"158":{"start":{"line":336,"column":4},"end":{"line":336,"column":33}},"159":{"start":{"line":337,"column":4},"end":{"line":356,"column":5}},"160":{"start":{"line":338,"column":8},"end":{"line":339,"column":47}},"161":{"start":{"line":341,"column":8},"end":{"line":355,"column":11}},"162":{"start":{"line":343,"column":12},"end":{"line":351,"column":13}},"163":{"start":{"line":344,"column":16},"end":{"line":344,"column":59}},"164":{"start":{"line":345,"column":16},"end":{"line":348,"column":18}},"165":{"start":{"line":347,"column":20},"end":{"line":347,"column":62}},"166":{"start":{"line":350,"column":16},"end":{"line":350,"column":36}},"167":{"start":{"line":354,"column":12},"end":{"line":354,"column":33}},"168":{"start":{"line":362,"column":0},"end":{"line":365,"column":2}},"169":{"start":{"line":363,"column":4},"end":{"line":363,"column":40}},"170":{"start":{"line":364,"column":4},"end":{"line":364,"column":40}},"171":{"start":{"line":367,"column":0},"end":{"line":370,"column":2}},"172":{"start":{"line":368,"column":4},"end":{"line":368,"column":36}},"173":{"start":{"line":369,"column":4},"end":{"line":369,"column":39}},"174":{"start":{"line":372,"column":0},"end":{"line":374,"column":2}},"175":{"start":{"line":373,"column":4},"end":{"line":373,"column":22}},"176":{"start":{"line":376,"column":0},"end":{"line":378,"column":2}},"177":{"start":{"line":380,"column":0},"end":{"line":382,"column":2}},"178":{"start":{"line":381,"column":4},"end":{"line":381,"column":25}},"179":{"start":{"line":384,"column":0},"end":{"line":389,"column":2}},"180":{"start":{"line":385,"column":4},"end":{"line":388,"column":6}},"181":{"start":{"line":391,"column":0},"end":{"line":398,"column":2}},"182":{"start":{"line":392,"column":4},"end":{"line":394,"column":6}},"183":{"start":{"line":393,"column":8},"end":{"line":393,"column":62}},"184":{"start":{"line":396,"column":4},"end":{"line":396,"column":113}},"185":{"start":{"line":397,"column":4},"end":{"line":397,"column":17}},"186":{"start":{"line":404,"column":0},"end":{"line":430,"column":2}},"187":{"start":{"line":405,"column":4},"end":{"line":405,"column":20}},"188":{"start":{"line":406,"column":4},"end":{"line":406,"column":38}},"189":{"start":{"line":408,"column":4},"end":{"line":408,"column":30}},"190":{"start":{"line":410,"column":4},"end":{"line":410,"column":38}},"191":{"start":{"line":411,"column":4},"end":{"line":411,"column":43}},"192":{"start":{"line":412,"column":4},"end":{"line":412,"column":72}},"193":{"start":{"line":414,"column":4},"end":{"line":414,"column":41}},"194":{"start":{"line":415,"column":4},"end":{"line":415,"column":45}},"195":{"start":{"line":416,"column":4},"end":{"line":416,"column":44}},"196":{"start":{"line":417,"column":4},"end":{"line":417,"column":115}},"197":{"start":{"line":419,"column":4},"end":{"line":421,"column":6}},"198":{"start":{"line":422,"column":4},"end":{"line":422,"column":109}},"199":{"start":{"line":424,"column":4},"end":{"line":426,"column":6}},"200":{"start":{"line":427,"column":4},"end":{"line":427,"column":122}},"201":{"start":{"line":429,"column":4},"end":{"line":429,"column":35}},"202":{"start":{"line":434,"column":0},"end":{"line":434,"column":123}},"203":{"start":{"line":434,"column":54},"end":{"line":434,"column":121}},"204":{"start":{"line":435,"column":0},"end":{"line":435,"column":127}},"205":{"start":{"line":435,"column":56},"end":{"line":435,"column":125}},"206":{"start":{"line":436,"column":0},"end":{"line":436,"column":113}},"207":{"start":{"line":436,"column":49},"end":{"line":436,"column":111}},"208":{"start":{"line":437,"column":0},"end":{"line":437,"column":123}},"209":{"start":{"line":437,"column":54},"end":{"line":437,"column":121}},"210":{"start":{"line":438,"column":0},"end":{"line":438,"column":127}},"211":{"start":{"line":438,"column":56},"end":{"line":438,"column":125}},"212":{"start":{"line":439,"column":0},"end":{"line":439,"column":127}},"213":{"start":{"line":439,"column":56},"end":{"line":439,"column":125}},"214":{"start":{"line":440,"column":0},"end":{"line":440,"column":125}},"215":{"start":{"line":440,"column":55},"end":{"line":440,"column":123}},"216":{"start":{"line":441,"column":0},"end":{"line":441,"column":121}},"217":{"start":{"line":441,"column":53},"end":{"line":441,"column":119}},"218":{"start":{"line":442,"column":0},"end":{"line":442,"column":119}},"219":{"start":{"line":442,"column":52},"end":{"line":442,"column":117}},"220":{"start":{"line":443,"column":0},"end":{"line":443,"column":125}},"221":{"start":{"line":443,"column":55},"end":{"line":443,"column":123}},"222":{"start":{"line":444,"column":0},"end":{"line":444,"column":115}},"223":{"start":{"line":444,"column":50},"end":{"line":444,"column":113}},"224":{"start":{"line":445,"column":0},"end":{"line":445,"column":121}},"225":{"start":{"line":445,"column":53},"end":{"line":445,"column":119}},"226":{"start":{"line":450,"column":0},"end":{"line":450,"column":25}}},"branchMap":{"1":{"line":35,"type":"binary-expr","locations":[{"start":{"line":35,"column":18},"end":{"line":35,"column":34}},{"start":{"line":35,"column":38},"end":{"line":35,"column":40}}]},"2":{"line":36,"type":"binary-expr","locations":[{"start":{"line":36,"column":33},"end":{"line":36,"column":59}},{"start":{"line":36,"column":63},"end":{"line":36,"column":65}}]},"3":{"line":37,"type":"binary-expr","locations":[{"start":{"line":37,"column":37},"end":{"line":37,"column":67}},{"start":{"line":37,"column":71},"end":{"line":37,"column":73}}]},"4":{"line":38,"type":"binary-expr","locations":[{"start":{"line":38,"column":31},"end":{"line":38,"column":55}},{"start":{"line":38,"column":59},"end":{"line":38,"column":60}}]},"5":{"line":39,"type":"binary-expr","locations":[{"start":{"line":39,"column":27},"end":{"line":39,"column":47}},{"start":{"line":39,"column":51},"end":{"line":39,"column":87}}]},"6":{"line":72,"type":"if","locations":[{"start":{"line":72,"column":4},"end":{"line":72,"column":4}},{"start":{"line":72,"column":4},"end":{"line":72,"column":4}}]},"7":{"line":110,"type":"binary-expr","locations":[{"start":{"line":110,"column":20},"end":{"line":110,"column":33}},{"start":{"line":110,"column":37},"end":{"line":110,"column":55}}]},"8":{"line":111,"type":"binary-expr","locations":[{"start":{"line":111,"column":15},"end":{"line":111,"column":22}},{"start":{"line":111,"column":26},"end":{"line":111,"column":27}}]},"9":{"line":116,"type":"binary-expr","locations":[{"start":{"line":116,"column":69},"end":{"line":116,"column":76}},{"start":{"line":116,"column":80},"end":{"line":116,"column":82}}]},"10":{"line":143,"type":"if","locations":[{"start":{"line":143,"column":8},"end":{"line":143,"column":8}},{"start":{"line":143,"column":8},"end":{"line":143,"column":8}}]},"11":{"line":147,"type":"if","locations":[{"start":{"line":147,"column":16},"end":{"line":147,"column":16}},{"start":{"line":147,"column":16},"end":{"line":147,"column":16}}]},"12":{"line":236,"type":"binary-expr","locations":[{"start":{"line":236,"column":14},"end":{"line":236,"column":21}},{"start":{"line":236,"column":25},"end":{"line":236,"column":26}}]},"13":{"line":239,"type":"if","locations":[{"start":{"line":239,"column":8},"end":{"line":239,"column":8}},{"start":{"line":239,"column":8},"end":{"line":239,"column":8}}]},"14":{"line":239,"type":"binary-expr","locations":[{"start":{"line":239,"column":11},"end":{"line":239,"column":24}},{"start":{"line":239,"column":28},"end":{"line":239,"column":63}}]},"15":{"line":272,"type":"if","locations":[{"start":{"line":272,"column":13},"end":{"line":272,"column":13}},{"start":{"line":272,"column":13},"end":{"line":272,"column":13}}]},"16":{"line":272,"type":"binary-expr","locations":[{"start":{"line":272,"column":16},"end":{"line":272,"column":29}},{"start":{"line":272,"column":33},"end":{"line":272,"column":68}}]},"17":{"line":274,"type":"if","locations":[{"start":{"line":274,"column":12},"end":{"line":274,"column":12}},{"start":{"line":274,"column":12},"end":{"line":274,"column":12}}]},"18":{"line":298,"type":"cond-expr","locations":[{"start":{"line":298,"column":51},"end":{"line":298,"column":66}},{"start":{"line":298,"column":70},"end":{"line":298,"column":75}}]},"19":{"line":336,"type":"binary-expr","locations":[{"start":{"line":336,"column":15},"end":{"line":336,"column":22}},{"start":{"line":336,"column":26},"end":{"line":336,"column":27}}]},"20":{"line":337,"type":"if","locations":[{"start":{"line":337,"column":4},"end":{"line":337,"column":4}},{"start":{"line":337,"column":4},"end":{"line":337,"column":4}}]},"21":{"line":343,"type":"if","locations":[{"start":{"line":343,"column":12},"end":{"line":343,"column":12}},{"start":{"line":343,"column":12},"end":{"line":343,"column":12}}]},"22":{"line":363,"type":"binary-expr","locations":[{"start":{"line":363,"column":20},"end":{"line":363,"column":33}},{"start":{"line":363,"column":37},"end":{"line":363,"column":39}}]},"23":{"line":368,"type":"binary-expr","locations":[{"start":{"line":368,"column":18},"end":{"line":368,"column":29}},{"start":{"line":368,"column":33},"end":{"line":368,"column":35}}]}},"l":{"9":1,"10":1,"11":1,"12":1,"18":1,"19":2,"22":2,"23":2,"24":2,"25":2,"28":2,"31":1,"32":2,"35":2,"36":2,"37":2,"38":2,"39":2,"42":1,"43":0,"44":0,"54":1,"55":3,"56":3,"58":0,"60":0,"65":1,"66":0,"71":1,"72":0,"73":0,"76":0,"80":1,"81":3,"83":3,"84":3,"85":3,"86":3,"87":3,"88":3,"91":1,"92":0,"93":0,"94":0,"96":0,"97":0,"99":0,"100":0,"101":0,"102":0,"105":1,"106":0,"107":0,"108":0,"110":0,"111":0,"113":0,"114":0,"115":0,"116":0,"117":0,"119":0,"121":0,"123":0,"131":0,"133":0,"140":0,"141":0,"142":0,"143":0,"145":0,"147":0,"148":0,"151":0,"153":0,"155":0,"158":0,"162":0,"166":0,"169":0,"170":0,"171":0,"174":0,"176":0,"178":0,"179":0,"180":0,"181":0,"183":0,"186":0,"188":0,"191":0,"196":0,"198":0,"199":0,"211":0,"213":0,"214":0,"216":0,"220":0,"227":0,"231":1,"232":0,"233":0,"234":0,"235":0,"236":0,"237":0,"239":0,"240":0,"241":0,"242":0,"243":0,"244":0,"245":0,"247":0,"248":0,"249":0,"250":0,"252":0,"257":0,"258":0,"259":0,"261":0,"263":0,"268":0,"272":0,"273":0,"274":0,"275":0,"279":0,"281":0,"286":0,"291":0,"296":1,"297":0,"298":0,"299":0,"302":1,"303":0,"304":0,"307":1,"308":0,"309":0,"312":1,"313":0,"314":0,"315":0,"316":0,"321":1,"322":0,"323":0,"324":0,"326":0,"329":0,"334":1,"335":0,"336":0,"337":0,"338":0,"341":0,"343":0,"344":0,"345":0,"347":0,"350":0,"354":0,"362":1,"363":0,"364":0,"367":1,"368":0,"369":0,"372":1,"373":3,"376":1,"380":1,"381":0,"384":1,"385":0,"391":1,"392":0,"393":0,"396":0,"397":0,"404":1,"405":2,"406":2,"408":2,"410":2,"411":2,"412":2,"414":2,"415":2,"416":2,"417":2,"419":2,"422":2,"424":2,"427":2,"429":2,"434":1,"435":1,"436":1,"437":1,"438":1,"439":1,"440":1,"441":1,"442":1,"443":1,"444":1,"445":1,"450":1}}}
