TN:
SF:C:\mg\dev\tpmongo\lib\tpmongo.js
FN:18,(anonymous_1)
FN:22,(anonymous_2)
FN:31,(anonymous_3)
FN:42,(anonymous_4)
FN:54,(anonymous_5)
FN:57,(anonymous_6)
FN:59,(anonymous_7)
FN:65,(anonymous_8)
FN:71,(anonymous_9)
FN:80,(anonymous_10)
FN:91,(anonymous_11)
FN:105,(anonymous_12)
FN:122,(anonymous_13)
FN:130,(anonymous_14)
FN:135,(anonymous_15)
FN:146,(anonymous_16)
FN:156,(anonymous_17)
FN:161,(anonymous_18)
FN:175,(anonymous_19)
FN:184,(anonymous_20)
FN:187,(anonymous_21)
FN:190,(anonymous_22)
FN:195,(anonymous_23)
FN:212,(anonymous_24)
FN:215,(anonymous_25)
FN:219,(anonymous_26)
FN:226,(anonymous_27)
FN:231,(anonymous_28)
FN:238,(anonymous_29)
FN:246,(anonymous_30)
FN:251,(anonymous_31)
FN:255,(anonymous_32)
FN:260,(anonymous_33)
FN:262,(anonymous_34)
FN:267,(anonymous_35)
FN:280,(anonymous_36)
FN:290,(anonymous_37)
FN:296,(anonymous_38)
FN:302,(anonymous_39)
FN:307,(anonymous_40)
FN:312,(anonymous_41)
FN:321,(anonymous_42)
FN:325,(anonymous_43)
FN:328,(anonymous_44)
FN:334,(anonymous_45)
FN:342,(anonymous_46)
FN:346,(anonymous_47)
FN:353,(anonymous_48)
FN:362,(anonymous_49)
FN:367,(anonymous_50)
FN:372,(anonymous_51)
FN:376,(anonymous_52)
FN:380,(anonymous_53)
FN:384,(anonymous_54)
FN:391,(anonymous_55)
FN:392,(anonymous_56)
FN:404,(anonymous_57)
FN:434,(anonymous_58)
FN:435,(anonymous_59)
FN:436,(anonymous_60)
FN:437,(anonymous_61)
FN:438,(anonymous_62)
FN:439,(anonymous_63)
FN:440,(anonymous_64)
FN:441,(anonymous_65)
FN:442,(anonymous_66)
FN:443,(anonymous_67)
FN:444,(anonymous_68)
FN:445,(anonymous_69)
FNF:69
FNH:7
FNDA:2,(anonymous_1)
FNDA:2,(anonymous_2)
FNDA:2,(anonymous_3)
FNDA:0,(anonymous_4)
FNDA:3,(anonymous_5)
FNDA:0,(anonymous_6)
FNDA:0,(anonymous_7)
FNDA:0,(anonymous_8)
FNDA:0,(anonymous_9)
FNDA:3,(anonymous_10)
FNDA:0,(anonymous_11)
FNDA:0,(anonymous_12)
FNDA:0,(anonymous_13)
FNDA:0,(anonymous_14)
FNDA:0,(anonymous_15)
FNDA:0,(anonymous_16)
FNDA:0,(anonymous_17)
FNDA:0,(anonymous_18)
FNDA:0,(anonymous_19)
FNDA:0,(anonymous_20)
FNDA:0,(anonymous_21)
FNDA:0,(anonymous_22)
FNDA:0,(anonymous_23)
FNDA:0,(anonymous_24)
FNDA:0,(anonymous_25)
FNDA:0,(anonymous_26)
FNDA:0,(anonymous_27)
FNDA:0,(anonymous_28)
FNDA:0,(anonymous_29)
FNDA:0,(anonymous_30)
FNDA:0,(anonymous_31)
FNDA:0,(anonymous_32)
FNDA:0,(anonymous_33)
FNDA:0,(anonymous_34)
FNDA:0,(anonymous_35)
FNDA:0,(anonymous_36)
FNDA:0,(anonymous_37)
FNDA:0,(anonymous_38)
FNDA:0,(anonymous_39)
FNDA:0,(anonymous_40)
FNDA:0,(anonymous_41)
FNDA:0,(anonymous_42)
FNDA:0,(anonymous_43)
FNDA:0,(anonymous_44)
FNDA:0,(anonymous_45)
FNDA:0,(anonymous_46)
FNDA:0,(anonymous_47)
FNDA:0,(anonymous_48)
FNDA:0,(anonymous_49)
FNDA:0,(anonymous_50)
FNDA:3,(anonymous_51)
FNDA:0,(anonymous_52)
FNDA:0,(anonymous_53)
FNDA:0,(anonymous_54)
FNDA:0,(anonymous_55)
FNDA:0,(anonymous_56)
FNDA:2,(anonymous_57)
FNDA:0,(anonymous_58)
FNDA:0,(anonymous_59)
FNDA:0,(anonymous_60)
FNDA:0,(anonymous_61)
FNDA:0,(anonymous_62)
FNDA:0,(anonymous_63)
FNDA:0,(anonymous_64)
FNDA:0,(anonymous_65)
FNDA:0,(anonymous_66)
FNDA:0,(anonymous_67)
FNDA:0,(anonymous_68)
FNDA:0,(anonymous_69)
DA:9,1
DA:10,1
DA:11,1
DA:12,1
DA:18,1
DA:19,2
DA:22,2
DA:23,2
DA:24,2
DA:25,2
DA:28,2
DA:31,1
DA:32,2
DA:35,2
DA:36,2
DA:37,2
DA:38,2
DA:39,2
DA:42,1
DA:43,0
DA:44,0
DA:54,1
DA:55,3
DA:56,3
DA:58,0
DA:60,0
DA:65,1
DA:66,0
DA:71,1
DA:72,0
DA:73,0
DA:76,0
DA:80,1
DA:81,3
DA:83,3
DA:84,3
DA:85,3
DA:86,3
DA:87,3
DA:88,3
DA:91,1
DA:92,0
DA:93,0
DA:94,0
DA:96,0
DA:97,0
DA:99,0
DA:100,0
DA:101,0
DA:102,0
DA:105,1
DA:106,0
DA:107,0
DA:108,0
DA:110,0
DA:111,0
DA:113,0
DA:114,0
DA:115,0
DA:116,0
DA:117,0
DA:119,0
DA:121,0
DA:123,0
DA:131,0
DA:133,0
DA:140,0
DA:141,0
DA:142,0
DA:143,0
DA:145,0
DA:147,0
DA:148,0
DA:151,0
DA:153,0
DA:155,0
DA:158,0
DA:162,0
DA:166,0
DA:169,0
DA:170,0
DA:171,0
DA:174,0
DA:176,0
DA:178,0
DA:179,0
DA:180,0
DA:181,0
DA:183,0
DA:186,0
DA:188,0
DA:191,0
DA:196,0
DA:198,0
DA:199,0
DA:211,0
DA:213,0
DA:214,0
DA:216,0
DA:220,0
DA:227,0
DA:231,1
DA:232,0
DA:233,0
DA:234,0
DA:235,0
DA:236,0
DA:237,0
DA:239,0
DA:240,0
DA:241,0
DA:242,0
DA:243,0
DA:244,0
DA:245,0
DA:247,0
DA:248,0
DA:249,0
DA:250,0
DA:252,0
DA:257,0
DA:258,0
DA:259,0
DA:261,0
DA:263,0
DA:268,0
DA:272,0
DA:273,0
DA:274,0
DA:275,0
DA:279,0
DA:281,0
DA:286,0
DA:291,0
DA:296,1
DA:297,0
DA:298,0
DA:299,0
DA:302,1
DA:303,0
DA:304,0
DA:307,1
DA:308,0
DA:309,0
DA:312,1
DA:313,0
DA:314,0
DA:315,0
DA:316,0
DA:321,1
DA:322,0
DA:323,0
DA:324,0
DA:326,0
DA:329,0
DA:334,1
DA:335,0
DA:336,0
DA:337,0
DA:338,0
DA:341,0
DA:343,0
DA:344,0
DA:345,0
DA:347,0
DA:350,0
DA:354,0
DA:362,1
DA:363,0
DA:364,0
DA:367,1
DA:368,0
DA:369,0
DA:372,1
DA:373,3
DA:376,1
DA:380,1
DA:381,0
DA:384,1
DA:385,0
DA:391,1
DA:392,0
DA:393,0
DA:396,0
DA:397,0
DA:404,1
DA:405,2
DA:406,2
DA:408,2
DA:410,2
DA:411,2
DA:412,2
DA:414,2
DA:415,2
DA:416,2
DA:417,2
DA:419,2
DA:422,2
DA:424,2
DA:427,2
DA:429,2
DA:434,1
DA:435,1
DA:436,1
DA:437,1
DA:438,1
DA:439,1
DA:440,1
DA:441,1
DA:442,1
DA:443,1
DA:444,1
DA:445,1
DA:450,1
LF:214
LH:78
BRDA:35,1,0,2
BRDA:35,1,1,2
BRDA:36,2,0,2
BRDA:36,2,1,2
BRDA:37,3,0,2
BRDA:37,3,1,2
BRDA:38,4,0,2
BRDA:38,4,1,2
BRDA:39,5,0,2
BRDA:39,5,1,2
BRDA:72,6,0,0
BRDA:72,6,1,0
BRDA:110,7,0,0
BRDA:110,7,1,0
BRDA:111,8,0,0
BRDA:111,8,1,0
BRDA:116,9,0,0
BRDA:116,9,1,0
BRDA:143,10,0,0
BRDA:143,10,1,0
BRDA:147,11,0,0
BRDA:147,11,1,0
BRDA:236,12,0,0
BRDA:236,12,1,0
BRDA:239,13,0,0
BRDA:239,13,1,0
BRDA:239,14,0,0
BRDA:239,14,1,0
BRDA:272,15,0,0
BRDA:272,15,1,0
BRDA:272,16,0,0
BRDA:272,16,1,0
BRDA:274,17,0,0
BRDA:274,17,1,0
BRDA:298,18,0,0
BRDA:298,18,1,0
BRDA:336,19,0,0
BRDA:336,19,1,0
BRDA:337,20,0,0
BRDA:337,20,1,0
BRDA:343,21,0,0
BRDA:343,21,1,0
BRDA:363,22,0,0
BRDA:363,22,1,0
BRDA:368,23,0,0
BRDA:368,23,1,0
BRF:46
BRH:10
end_of_record
